<?xml version="1.0" encoding="UTF-8"?>
<testsuite xmlns:xsi="http://www.w3.org/2001/XMLSchema-instance" xsi:noNamespaceSchemaLocation="https://maven.apache.org/surefire/maven-surefire-plugin/xsd/surefire-test-report-3.0.xsd" version="3.0" name="com.jvkstackmvn.jvkstack.JvkstackApplicationTests" time="6.166" tests="1" errors="0" skipped="0" failures="0">
  <properties>
[...]
</properties>
  <testcase name="contextLoads" classname="com.jvkstackmvn.jvkstack.JvkstackApplicationTests" time="0.539">
    <system-out><![CDATA[20:31:54.799 [main] INFO org.springframework.test.context.support.AnnotationConfigContextLoaderUtils -- Could not detect default configuration classes for test class [com.jvkstackmvn.jvkstack.JvkstackApplicationTests]: JvkstackApplicationTests does not declare any static, non-private, non-final, nested classes annotated with @Configuration.
20:31:54.907 [main] INFO org.springframework.boot.test.context.SpringBootTestContextBootstrapper -- Found @SpringBootConfiguration com.jvkstackmvn.jvkstack.JvkstackApplication for test class com.jvkstackmvn.jvkstack.JvkstackApplicationTests
20:31:55.115 [main] INFO org.springframework.boot.devtools.restart.RestartApplicationListener -- Restart disabled due to context in which it is running

  .   ____          _            __ _ _
 /\\ / ___'_ __ _ _(_)_ __  __ _ \ \ \ \
( ( )\___ | '_ | '_| | '_ \/ _` | \ \ \ \
 \\/  ___)| |_)| | | | | || (_| |  ) ) ) )
  '  |____| .__|_| |_|_| |_\__, | / / / /
 =========|_|==============|___/=/_/_/_/
 :: Spring Boot ::                (v3.2.0)

2024-02-13T20:31:55.480+07:00  WARN 23049 --- [           main] ory$DuplicateJsonObjectContextCustomizer : 

Found multiple occurrences of org.json.JSONObject on the class path:

	jar:file:/Users/khanhdang/.m2/repository/com/vaadin/external/google/android-json/0.0.20131108.vaadin1/android-json-0.0.20131108.vaadin1.jar!/org/json/JSONObject.class
	jar:file:/Users/khanhdang/.m2/repository/org/json/json/20230618/json-20230618.jar!/org/json/JSONObject.class

You may wish to exclude one of them to ensure predictable runtime behavior

2024-02-13T20:31:55.504+07:00  INFO 23049 --- [           main] c.j.jvkstack.JvkstackApplicationTests    : Starting JvkstackApplicationTests using Java 17.0.3 with PID 23049 (started by khanhdang in /Users/khanhdang/Desktop/WorkSpace/Demo/jvkstack)
2024-02-13T20:31:55.505+07:00  INFO 23049 --- [           main] c.j.jvkstack.JvkstackApplicationTests    : No active profile set, falling back to 1 default profile: "default"
2024-02-13T20:31:56.329+07:00  INFO 23049 --- [           main] .s.d.r.c.RepositoryConfigurationDelegate : Bootstrapping Spring Data JPA repositories in DEFAULT mode.
2024-02-13T20:31:56.503+07:00  INFO 23049 --- [           main] .s.d.r.c.RepositoryConfigurationDelegate : Finished Spring Data repository scanning in 161 ms. Found 2 JPA repository interfaces.
2024-02-13T20:31:56.712+07:00  INFO 23049 --- [           main] o.s.cloud.context.scope.GenericScope     : BeanFactory id=67520d24-789f-3401-b7c2-0e511112e536
2024-02-13T20:31:57.150+07:00  INFO 23049 --- [           main] com.zaxxer.hikari.HikariDataSource       : HikariPool-1 - Starting...
2024-02-13T20:31:57.337+07:00  INFO 23049 --- [           main] com.zaxxer.hikari.pool.HikariPool        : HikariPool-1 - Added connection conn0: url=jdbc:h2:mem:mydb user=SA
2024-02-13T20:31:57.338+07:00  INFO 23049 --- [           main] com.zaxxer.hikari.HikariDataSource       : HikariPool-1 - Start completed.
2024-02-13T20:31:57.384+07:00  INFO 23049 --- [           main] o.hibernate.jpa.internal.util.LogHelper  : HHH000204: Processing PersistenceUnitInfo [name: default]
2024-02-13T20:31:57.446+07:00  INFO 23049 --- [           main] org.hibernate.Version                    : HHH000412: Hibernate ORM core version 6.3.1.Final
2024-02-13T20:31:57.485+07:00  INFO 23049 --- [           main] o.h.c.internal.RegionFactoryInitiator    : HHH000026: Second-level cache disabled
2024-02-13T20:31:57.727+07:00  INFO 23049 --- [           main] o.s.o.j.p.SpringPersistenceUnitInfo      : No LoadTimeWeaver setup: ignoring JPA class transformer
2024-02-13T20:31:58.523+07:00  INFO 23049 --- [           main] o.h.e.t.j.p.i.JtaPlatformInitiator       : HHH000489: No JTA platform available (set 'hibernate.transaction.jta.platform' to enable JTA platform integration)
2024-02-13T20:31:58.552+07:00  INFO 23049 --- [           main] j.LocalContainerEntityManagerFactoryBean : Initialized JPA EntityManagerFactory for persistence unit 'default'
2024-02-13T20:31:59.065+07:00  WARN 23049 --- [           main] JpaBaseConfiguration$JpaWebConfiguration : spring.jpa.open-in-view is enabled by default. Therefore, database queries may be performed during view rendering. Explicitly configure spring.jpa.open-in-view to disable this warning
2024-02-13T20:31:59.736+07:00  INFO 23049 --- [           main] o.s.b.a.w.s.WelcomePageHandlerMapping    : Adding welcome page: class path resource [static/index.html]
2024-02-13T20:32:00.041+07:00  INFO 23049 --- [           main] o.s.b.a.h2.H2ConsoleAutoConfiguration    : H2 console available at '/h2-console'. Database available at 'jdbc:h2:mem:mydb'
2024-02-13T20:32:00.203+07:00  INFO 23049 --- [           main] o.s.m.s.b.SimpleBrokerMessageHandler     : Starting...
2024-02-13T20:32:00.205+07:00  INFO 23049 --- [           main] o.s.m.s.b.SimpleBrokerMessageHandler     : BrokerAvailabilityEvent[available=true, SimpleBrokerMessageHandler [org.springframework.messaging.simp.broker.DefaultSubscriptionRegistry@33c91567]]
2024-02-13T20:32:00.206+07:00  INFO 23049 --- [           main] o.s.m.s.b.SimpleBrokerMessageHandler     : Started.
2024-02-13T20:32:00.212+07:00  INFO 23049 --- [           main] c.j.jvkstack.JvkstackApplicationTests    : Started JvkstackApplicationTests in 5.116 seconds (process running for 6.153)
]]></system-out>
  </testcase>
</testsuite>